<?xml version="1.0" encoding="UTF-8"?>
<!-- Generated by org.testng.reporters.JUnitReportReporter -->
<testsuite hostname="EPTRANKW00D6" failures="0" tests="3" name="com.epam.xyz.runner.TestRunner" time="2.944" errors="1" timestamp="2022-11-01T17:17:19 TRT" skipped="0">
  <testcase classname="com.epam.xyz.runner.TestRunner" name="runScenario" time="0.079"/>
  <system-out/>
  <testcase classname="com.epam.xyz.runner.TestRunner" name="runScenario" time="0.287"/>
  <system-out/>
  <testcase classname="com.epam.xyz.runner.TestRunner" name="runScenario" time="2.578">
    <error message="element click intercepted: Element &lt;img class=&quot;s-image&quot; src=&quot;https://m.media-amazon.com/images/I/710TJuHTMhL._AC_UY218_.jpg&quot; srcset=&quot;https://m.media-amazon.com/images/I/710TJuHTMhL._AC_UY218_.jpg 1x, https://m.media-amazon.com/images/I/710TJuHTMhL._AC_UY327_FMwebp_QL65_.jpg 1.5x, https://m.media-amazon.com/images/I/710TJuHTMhL._AC_UY436_FMwebp_QL65_.jpg 2x, https://m.media-amazon.com/images/I/710TJuHTMhL._AC_UY545_FMwebp_QL65_.jpg 2.5x, https://m.media-amazon.com/images/I/710TJuHTMhL._AC_UY654_FMwebp_QL65_.jpg 3x&quot; alt=&quot;2022 Apple MacBook Air Laptop with M2 chip: 13.6-inch Liquid Retina Display, 8GB RAM, 256GB SSD Storage, Backlit Keyboard,...&quot; data-image-index=&quot;1&quot; data-image-load=&quot;&quot; data-image-latency=&quot;s-product-image&quot; data-image-source-density=&quot;1&quot;&gt; is not clickable at point (462, 299). Other element would receive the click: &lt;div class=&quot;s-suggestion s-suggestion-ellipsis-direction&quot; role=&quot;button&quot; aria-label=&quot;macbook 16 inch&quot;&gt;...&lt;/div&gt;
  (Session info: chrome=107.0.5304.87)
Build info: version: &#039;4.5.0&#039;, revision: &#039;fe167b119a&#039;
System info: os.name: &#039;Mac OS X&#039;, os.arch: &#039;aarch64&#039;, os.version: &#039;12.6&#039;, java.version: &#039;19&#039;
Driver info: org.openqa.selenium.chrome.ChromeDriver
Command: [bd7164f23ba655bcb9f539076588daa8, clickElement {id=12cc31e0-dd2b-4525-9d47-17557d207cb7}]
Capabilities {acceptInsecureCerts: false, browserName: chrome, browserVersion: 107.0.5304.87, chrome: {chromedriverVersion: 107.0.5304.62 (1eec40d3a576..., userDataDir: /var/folders/wc/5xcgtls92ns...}, goog:chromeOptions: {debuggerAddress: localhost:51110}, networkConnectionEnabled: false, pageLoadStrategy: normal, platformName: MAC, proxy: Proxy(), se:cdp: ws://localhost:51110/devtoo..., se:cdpVersion: 107.0.5304.87, setWindowRect: true, strictFileInteractability: false, timeouts: {implicit: 0, pageLoad: 300000, script: 30000}, unhandledPromptBehavior: dismiss and notify, webauthn:extension:credBlob: true, webauthn:extension:largeBlob: true, webauthn:virtualAuthenticators: true}
Element: [[ChromeDriver: chrome on MAC (bd7164f23ba655bcb9f539076588daa8)] -&gt; css selector: .a-section.aok-relative.s-image-fixed-height &gt; img]
Session ID: bd7164f23ba655bcb9f539076588daa8" type="org.openqa.selenium.ElementClickInterceptedException">
      <![CDATA[org.openqa.selenium.ElementClickInterceptedException: element click intercepted: Element <img class="s-image" src="https://m.media-amazon.com/images/I/710TJuHTMhL._AC_UY218_.jpg" srcset="https://m.media-amazon.com/images/I/710TJuHTMhL._AC_UY218_.jpg 1x, https://m.media-amazon.com/images/I/710TJuHTMhL._AC_UY327_FMwebp_QL65_.jpg 1.5x, https://m.media-amazon.com/images/I/710TJuHTMhL._AC_UY436_FMwebp_QL65_.jpg 2x, https://m.media-amazon.com/images/I/710TJuHTMhL._AC_UY545_FMwebp_QL65_.jpg 2.5x, https://m.media-amazon.com/images/I/710TJuHTMhL._AC_UY654_FMwebp_QL65_.jpg 3x" alt="2022 Apple MacBook Air Laptop with M2 chip: 13.6-inch Liquid Retina Display, 8GB RAM, 256GB SSD Storage, Backlit Keyboard,..." data-image-index="1" data-image-load="" data-image-latency="s-product-image" data-image-source-density="1"> is not clickable at point (462, 299). Other element would receive the click: <div class="s-suggestion s-suggestion-ellipsis-direction" role="button" aria-label="macbook 16 inch">...</div>
  (Session info: chrome=107.0.5304.87)
Build info: version: '4.5.0', revision: 'fe167b119a'
System info: os.name: 'Mac OS X', os.arch: 'aarch64', os.version: '12.6', java.version: '19'
Driver info: org.openqa.selenium.chrome.ChromeDriver
Command: [bd7164f23ba655bcb9f539076588daa8, clickElement {id=12cc31e0-dd2b-4525-9d47-17557d207cb7}]
Capabilities {acceptInsecureCerts: false, browserName: chrome, browserVersion: 107.0.5304.87, chrome: {chromedriverVersion: 107.0.5304.62 (1eec40d3a576..., userDataDir: /var/folders/wc/5xcgtls92ns...}, goog:chromeOptions: {debuggerAddress: localhost:51110}, networkConnectionEnabled: false, pageLoadStrategy: normal, platformName: MAC, proxy: Proxy(), se:cdp: ws://localhost:51110/devtoo..., se:cdpVersion: 107.0.5304.87, setWindowRect: true, strictFileInteractability: false, timeouts: {implicit: 0, pageLoad: 300000, script: 30000}, unhandledPromptBehavior: dismiss and notify, webauthn:extension:credBlob: true, webauthn:extension:largeBlob: true, webauthn:virtualAuthenticators: true}
Element: [[ChromeDriver: chrome on MAC (bd7164f23ba655bcb9f539076588daa8)] -> css selector: .a-section.aok-relative.s-image-fixed-height > img]
Session ID: bd7164f23ba655bcb9f539076588daa8
at java.base/jdk.internal.reflect.DirectConstructorHandleAccessor.newInstance(DirectConstructorHandleAccessor.java:67)
at java.base/java.lang.reflect.Constructor.newInstanceWithCaller(Constructor.java:500)
at java.base/java.lang.reflect.Constructor.newInstance(Constructor.java:484)
at org.openqa.selenium.remote.codec.w3c.W3CHttpResponseCodec.createException(W3CHttpResponseCodec.java:200)
at org.openqa.selenium.remote.codec.w3c.W3CHttpResponseCodec.decode(W3CHttpResponseCodec.java:133)
at org.openqa.selenium.remote.codec.w3c.W3CHttpResponseCodec.decode(W3CHttpResponseCodec.java:53)
at org.openqa.selenium.remote.HttpCommandExecutor.execute(HttpCommandExecutor.java:184)
at org.openqa.selenium.remote.service.DriverCommandExecutor.invokeExecute(DriverCommandExecutor.java:167)
at org.openqa.selenium.remote.service.DriverCommandExecutor.execute(DriverCommandExecutor.java:142)
at org.openqa.selenium.remote.RemoteWebDriver.execute(RemoteWebDriver.java:547)
at org.openqa.selenium.remote.RemoteWebElement.execute(RemoteWebElement.java:257)
at org.openqa.selenium.remote.RemoteWebElement.click(RemoteWebElement.java:78)
at com.epam.xyz.pages.BasePage.click(BasePage.java:49)
at com.epam.xyz.pages.HomePage.selectProductFromSearchResults(HomePage.java:35)
at com.epam.xyz.stepdefs.HomePageStepdefs.whenISelectAProductFromSearchResult(HomePageStepdefs.java:54)
at âœ½.I select a product from search result(file:///Users/Gorkem_Ceyhan/Documents/ideaProjects/epam-web-selenium/src/test/resources/smoke/homepage.feature:15)
]]>
    </error>
  </testcase> <!-- runScenario -->
  <system-out/>
</testsuite> <!-- com.epam.xyz.runner.TestRunner -->
